{"level":"info","message":"{ date: 2017-08-03T19:41:17.577Z } 'Gloabal Emotes Updated'","timestamp":"2017-08-03T19:41:17.582Z"}
{"level":"info","message":"{ date: 2017-08-03T19:41:21.566Z } 'Broadcasters Data Updated'","timestamp":"2017-08-03T19:41:21.568Z"}
{"level":"info","message":"{ date: 2017-08-03T19:41:28.651Z } 'Global Emotes Sent'","timestamp":"2017-08-03T19:41:28.653Z"}
{"level":"info","message":"{ date: 2017-08-03T19:41:42.399Z } 'Broadcaster info sent, ID: %s' '37121843'","timestamp":"2017-08-03T19:41:42.404Z"}
{"level":"info","message":"{ date: 2017-08-03T19:42:07.774Z } 'Gloabal Emotes Updated'","timestamp":"2017-08-03T19:42:07.780Z"}
{"level":"info","message":"{ date: 2017-08-03T19:42:11.886Z } 'Broadcasters Data Updated'","timestamp":"2017-08-03T19:42:11.887Z"}
{"level":"info","message":"{ date: 2017-08-03T19:42:20.054Z } 'Global Emotes Sent'","timestamp":"2017-08-03T19:42:20.056Z"}
{"level":"info","message":"{ date: 2017-08-03T19:42:25.721Z } 'Broadcaster info sent, ID: %d' '37121843'","timestamp":"2017-08-03T19:42:25.723Z"}
{"level":"info","message":"{ date: 2017-08-03T19:53:44.314Z } 'Gloabal Emotes Updated'","timestamp":"2017-08-03T19:53:44.319Z"}
{"level":"info","message":"{ date: 2017-08-03T19:53:48.357Z } 'Broadcasters Data Updated'","timestamp":"2017-08-03T19:53:48.358Z"}
{"level":"info","message":"{ date: 2017-08-03T19:53:51.941Z } 'Global Emotes Sent'","timestamp":"2017-08-03T19:53:51.942Z"}
{"date":"2017-08-03T19:53:56.577Z","id":"37121843","level":"info","message":"{date}: Broadcaster info sent, ID: {id}","timestamp":"2017-08-03T19:53:56.579Z"}
{"level":"info","message":"{ date: 2017-08-03T19:55:16.280Z } 'Gloabal Emotes Updated'","timestamp":"2017-08-03T19:55:16.284Z"}
{"level":"info","message":"{ date: 2017-08-03T19:55:20.266Z } 'Broadcasters Data Updated'","timestamp":"2017-08-03T19:55:20.267Z"}
{"level":"info","message":"{ date: 2017-08-03T19:55:28.027Z } 'Global Emotes Sent'","timestamp":"2017-08-03T19:55:28.028Z"}
{"level":"info","message":"{ date: 2017-08-03T19:57:10.409Z } 'Gloabal Emotes Updated'","timestamp":"2017-08-03T19:57:10.416Z"}
{"level":"info","message":"{ date: 2017-08-03T19:57:13.878Z } 'Global Emotes Sent'","timestamp":"2017-08-03T19:57:13.880Z"}
{"level":"info","message":"{ date: 2017-08-03T19:57:15.049Z } 'Broadcasters Data Updated'","timestamp":"2017-08-03T19:57:15.050Z"}
{"date":"2017-08-03T19:57:18.232Z","id":"37121843","level":"info","message":"${date}: Broadcaster info sent, ID: ${id}","timestamp":"2017-08-03T19:57:18.245Z"}
{"level":"info","message":"{ date: 2017-08-03T20:01:28.352Z } 'Gloabal Emotes Updated'","timestamp":"2017-08-03T20:01:28.357Z"}
{"level":"info","message":"{ date: 2017-08-03T20:01:32.115Z } 'Broadcasters Data Updated'","timestamp":"2017-08-03T20:01:32.116Z"}
{"level":"info","message":"{ date: 2017-08-03T20:01:36.374Z } 'Global Emotes Sent'","timestamp":"2017-08-03T20:01:36.378Z"}
{"level":"info","message":"${new Date}: Broadcaster info sent, ID: ${req.params.channel_id}","timestamp":"2017-08-03T20:01:40.685Z"}
{"level":"info","message":"{ date: 2017-08-03T20:02:44.651Z } 'Gloabal Emotes Updated'","timestamp":"2017-08-03T20:02:44.656Z"}
{"level":"info","message":"{ date: 2017-08-03T20:02:49.335Z } 'Broadcasters Data Updated'","timestamp":"2017-08-03T20:02:49.337Z"}
{"level":"info","message":"{ date: 2017-08-03T20:02:50.225Z } 'Global Emotes Sent'","timestamp":"2017-08-03T20:02:50.226Z"}
{"level":"info","message":"2017-08-03T20:02:54.465Z ': Broadcaster info sent, ID: ' '32194567'","timestamp":"2017-08-03T20:02:54.467Z"}
{"level":"info","message":"2017-08-03T20:05:19.365Z 'Gloabal Emotes Updated'","timestamp":"2017-08-03T20:05:19.372Z"}
{"level":"info","message":"2017-08-03T20:05:23.274Z 'Broadcasters Data Updated'","timestamp":"2017-08-03T20:05:23.274Z"}
{"level":"info","message":"2017-08-03T20:05:28.139Z 'Global Emotes Sent'","timestamp":"2017-08-03T20:05:28.140Z"}
{"level":"info","message":"2017-08-03T20:05:31.998Z 'Broadcaster info sent, ID: 32194567'","timestamp":"2017-08-03T20:05:32.002Z"}
{"level":"info","message":"2017-08-03T20:06:34.232Z 'Broadcaster info sent, ID: 37524427'","timestamp":"2017-08-03T20:06:34.233Z"}
{"level":"info","message":"2017-08-03T20:24:11.525Z 'Global Emotes Sent'","timestamp":"2017-08-03T20:24:11.526Z"}
{"level":"info","message":"2017-08-03T20:24:38.844Z 'Global Emotes Sent'","timestamp":"2017-08-03T20:24:38.846Z"}
{"level":"info","message":"2017-08-03T20:32:27.543Z 'Global Emotes Sent'","timestamp":"2017-08-03T20:32:27.544Z"}
{"level":"info","message":"2017-08-03T20:32:31.993Z 'Broadcaster info sent, ID: 37121843'","timestamp":"2017-08-03T20:32:31.994Z"}
{"level":"info","message":"2017-08-03T20:33:42.147Z 'Global Emotes Sent'","timestamp":"2017-08-03T20:33:42.148Z"}
{"level":"info","message":"2017-08-03T20:33:45.705Z 'Broadcaster info sent, ID: 37121843'","timestamp":"2017-08-03T20:33:45.706Z"}
{"level":"info","message":"2017-08-03T20:34:25.520Z 'Global Emotes Sent'","timestamp":"2017-08-03T20:34:25.520Z"}
{"level":"info","message":"2017-08-03T20:34:32.074Z 'Broadcaster info sent, ID: 37121843'","timestamp":"2017-08-03T20:34:32.076Z"}
{"level":"info","message":"2017-08-03T20:35:19.437Z 'Gloabal Emotes Updated'","timestamp":"2017-08-03T20:35:19.438Z"}
{"level":"info","message":"2017-08-03T20:35:23.802Z 'Broadcasters Data Updated'","timestamp":"2017-08-03T20:35:23.807Z"}
{"level":"info","message":"2017-08-03T20:39:49.562Z 'Global Emotes Sent'","timestamp":"2017-08-03T20:39:49.566Z"}
{"level":"info","message":"2017-08-03T20:42:03.148Z 'Global Emotes Sent'","timestamp":"2017-08-03T20:42:03.151Z"}
{"level":"info","message":"2017-08-03T20:42:06.984Z 'Broadcaster info sent, ID: 37121843'","timestamp":"2017-08-03T20:42:06.988Z"}
{"level":"info","message":"2017-08-03T20:42:47.171Z 'Global Emotes Sent'","timestamp":"2017-08-03T20:42:47.171Z"}
{"level":"info","message":"2017-08-03T20:42:50.584Z 'Broadcaster info sent, ID: 37121843'","timestamp":"2017-08-03T20:42:50.586Z"}
{"level":"info","message":"2017-08-03T20:43:41.819Z 'Global Emotes Sent'","timestamp":"2017-08-03T20:43:41.819Z"}
{"level":"info","message":"2017-08-03T20:43:45.100Z 'Broadcaster info sent, ID: 32194567'","timestamp":"2017-08-03T20:43:45.105Z"}
{"level":"info","message":"2017-08-03T20:47:02.356Z 'Global Emotes Sent'","timestamp":"2017-08-03T20:47:02.364Z"}
{"level":"info","message":"2017-08-03T20:47:05.786Z 'Broadcaster info sent, ID: 37121843'","timestamp":"2017-08-03T20:47:05.794Z"}
{"level":"info","message":"2017-08-03T20:48:20.473Z 'Global Emotes Sent'","timestamp":"2017-08-03T20:48:20.475Z"}
{"level":"info","message":"2017-08-03T20:48:23.629Z 'Broadcaster info sent, ID: 37121843'","timestamp":"2017-08-03T20:48:23.630Z"}
{"level":"info","message":"2017-08-03T20:48:46.906Z 'Global Emotes Sent'","timestamp":"2017-08-03T20:48:46.906Z"}
{"level":"info","message":"2017-08-03T20:48:51.638Z 'Broadcaster info sent, ID: 32194567'","timestamp":"2017-08-03T20:48:51.642Z"}
{"level":"info","message":"2017-08-03T20:49:49.052Z 'Global Emotes Sent'","timestamp":"2017-08-03T20:49:49.053Z"}
{"level":"info","message":"2017-08-03T20:49:54.190Z 'Broadcaster info sent, ID: 32194567'","timestamp":"2017-08-03T20:49:54.190Z"}
{"level":"info","message":"2017-08-03T20:53:21.317Z 'Global Emotes Sent'","timestamp":"2017-08-03T20:53:21.322Z"}
{"level":"info","message":"2017-08-03T20:53:29.276Z 'Broadcaster info sent, ID: 37121843'","timestamp":"2017-08-03T20:53:29.281Z"}
{"level":"info","message":"2017-08-03T20:54:37.149Z 'Global Emotes Sent'","timestamp":"2017-08-03T20:54:37.151Z"}
{"level":"info","message":"2017-08-03T20:54:40.446Z 'Broadcaster info sent, ID: 37121843'","timestamp":"2017-08-03T20:54:40.446Z"}
{"level":"info","message":"2017-08-03T20:54:57.475Z 'Global Emotes Sent'","timestamp":"2017-08-03T20:54:57.482Z"}
{"level":"info","message":"2017-08-03T20:55:00.605Z 'Broadcaster info sent, ID: 37121843'","timestamp":"2017-08-03T20:55:00.612Z"}
{"level":"info","message":"2017-08-03T20:56:29.451Z 'Global Emotes Sent'","timestamp":"2017-08-03T20:56:29.453Z"}
{"level":"info","message":"2017-08-03T20:56:32.713Z 'Broadcaster info sent, ID: 37121843'","timestamp":"2017-08-03T20:56:32.713Z"}
{"level":"info","message":"2017-08-03T20:56:55.669Z 'Global Emotes Sent'","timestamp":"2017-08-03T20:56:55.669Z"}
{"level":"info","message":"2017-08-03T20:56:58.792Z 'Broadcaster info sent, ID: 37121843'","timestamp":"2017-08-03T20:56:58.800Z"}
{"level":"info","message":"2017-08-03T21:00:22.446Z 'Global Emotes Sent'","timestamp":"2017-08-03T21:00:22.450Z"}
{"level":"info","message":"2017-08-03T21:00:27.548Z 'Broadcaster info sent, ID: 94662873'","timestamp":"2017-08-03T21:00:27.550Z"}
{"level":"info","message":"2017-08-03T21:01:18.106Z 'Global Emotes Sent'","timestamp":"2017-08-03T21:01:18.107Z"}
{"level":"info","message":"2017-08-03T21:01:23.490Z 'Broadcaster info sent, ID: 121059319'","timestamp":"2017-08-03T21:01:23.491Z"}
{"level":"info","message":"2017-08-03T21:02:02.317Z 'Global Emotes Sent'","timestamp":"2017-08-03T21:02:02.317Z"}
{"level":"info","message":"2017-08-03T21:02:06.064Z 'Broadcaster info sent, ID: 37121843'","timestamp":"2017-08-03T21:02:06.065Z"}
{"level":"info","message":"2017-08-03T21:02:38.986Z 'Global Emotes Sent'","timestamp":"2017-08-03T21:02:38.987Z"}
{"level":"info","message":"2017-08-03T21:03:13.970Z 'Broadcaster info sent, ID: 37121843'","timestamp":"2017-08-03T21:03:13.970Z"}
{"level":"info","message":"2017-08-03T21:03:41.579Z 'Global Emotes Sent'","timestamp":"2017-08-03T21:03:41.581Z"}
{"level":"info","message":"2017-08-03T21:03:44.759Z 'Broadcaster info sent, ID: 32194567'","timestamp":"2017-08-03T21:03:44.764Z"}
{"level":"info","message":"2017-08-03T21:05:11.699Z 'Global Emotes Sent'","timestamp":"2017-08-03T21:05:11.699Z"}
{"level":"info","message":"2017-08-03T21:05:14.645Z 'Broadcaster info sent, ID: 32194567'","timestamp":"2017-08-03T21:05:14.655Z"}
{"level":"info","message":"2017-08-03T21:05:19.305Z 'Gloabal Emotes Updated'","timestamp":"2017-08-03T21:05:19.305Z"}
{"level":"info","message":"2017-08-03T21:05:26.100Z 'Broadcasters Data Updated'","timestamp":"2017-08-03T21:05:26.104Z"}
{"level":"info","message":"2017-08-03T21:06:14.244Z 'Global Emotes Sent'","timestamp":"2017-08-03T21:06:14.244Z"}
{"level":"info","message":"2017-08-03T21:06:20.583Z 'Broadcaster info sent, ID: 32194567'","timestamp":"2017-08-03T21:06:20.583Z"}
{"level":"info","message":"2017-08-03T21:06:46.421Z 'Global Emotes Sent'","timestamp":"2017-08-03T21:06:46.421Z"}
{"level":"info","message":"2017-08-03T21:06:51.327Z 'Broadcaster info sent, ID: 37121843'","timestamp":"2017-08-03T21:06:51.330Z"}
{"level":"info","message":"2017-08-03T21:09:37.979Z 'Global Emotes Sent'","timestamp":"2017-08-03T21:09:37.980Z"}
{"level":"info","message":"2017-08-03T21:09:41.080Z 'Broadcaster info sent, ID: 37121843'","timestamp":"2017-08-03T21:09:41.081Z"}
{"level":"info","message":"2017-08-03T21:09:58.514Z 'Global Emotes Sent'","timestamp":"2017-08-03T21:09:58.514Z"}
{"level":"info","message":"2017-08-03T21:10:01.724Z 'Broadcaster info sent, ID: 37121843'","timestamp":"2017-08-03T21:10:01.730Z"}
{"level":"info","message":"2017-08-03T21:10:12.005Z 'Global Emotes Sent'","timestamp":"2017-08-03T21:10:12.006Z"}
{"level":"info","message":"2017-08-03T21:10:15.109Z 'Broadcaster info sent, ID: 37121843'","timestamp":"2017-08-03T21:10:15.113Z"}
{"level":"info","message":"2017-08-03T21:10:29.787Z 'Global Emotes Sent'","timestamp":"2017-08-03T21:10:29.787Z"}
{"level":"info","message":"2017-08-03T21:10:33.330Z 'Broadcaster info sent, ID: 37121843'","timestamp":"2017-08-03T21:10:33.331Z"}
{"level":"info","message":"2017-08-03T21:11:40.037Z 'Global Emotes Sent'","timestamp":"2017-08-03T21:11:40.038Z"}
{"level":"info","message":"2017-08-03T21:11:43.008Z 'Broadcaster info sent, ID: 37121843'","timestamp":"2017-08-03T21:11:43.009Z"}
{"level":"info","message":"2017-08-03T21:12:15.544Z 'Global Emotes Sent'","timestamp":"2017-08-03T21:12:15.545Z"}
{"level":"info","message":"2017-08-03T21:12:18.476Z 'Broadcaster info sent, ID: 37121843'","timestamp":"2017-08-03T21:12:18.476Z"}
{"level":"info","message":"2017-08-03T21:14:12.791Z 'Global Emotes Sent'","timestamp":"2017-08-03T21:14:12.792Z"}
{"level":"info","message":"2017-08-03T21:14:15.666Z 'Broadcaster info sent, ID: 37121843'","timestamp":"2017-08-03T21:14:15.669Z"}
{"level":"info","message":"2017-08-03T21:15:18.156Z 'Global Emotes Sent'","timestamp":"2017-08-03T21:15:18.157Z"}
{"level":"info","message":"2017-08-03T21:15:20.928Z 'Broadcaster info sent, ID: 37121843'","timestamp":"2017-08-03T21:15:20.929Z"}
{"level":"info","message":"2017-08-03T21:16:04.763Z 'Global Emotes Sent'","timestamp":"2017-08-03T21:16:04.764Z"}
{"level":"info","message":"2017-08-03T21:16:09.323Z 'Broadcaster info sent, ID: 37121843'","timestamp":"2017-08-03T21:16:09.353Z"}
{"level":"info","message":"2017-08-03T21:17:57.966Z 'Global Emotes Sent'","timestamp":"2017-08-03T21:17:57.966Z"}
{"level":"info","message":"2017-08-03T21:18:00.848Z 'Broadcaster info sent, ID: 37121843'","timestamp":"2017-08-03T21:18:00.850Z"}
{"level":"info","message":"2017-08-03T21:21:38.294Z 'Global Emotes Sent'","timestamp":"2017-08-03T21:21:38.295Z"}
{"level":"info","message":"2017-08-03T21:21:40.939Z 'Broadcaster info sent, ID: 37121843'","timestamp":"2017-08-03T21:21:40.940Z"}
{"level":"info","message":"2017-08-03T21:22:01.043Z 'Global Emotes Sent'","timestamp":"2017-08-03T21:22:01.047Z"}
{"level":"info","message":"2017-08-03T21:22:03.835Z 'Broadcaster info sent, ID: 37121843'","timestamp":"2017-08-03T21:22:03.836Z"}
{"level":"info","message":"2017-08-03T21:23:49.495Z 'Global Emotes Sent'","timestamp":"2017-08-03T21:23:49.495Z"}
{"level":"info","message":"2017-08-03T21:23:55.987Z 'Broadcaster info sent, ID: 37121843'","timestamp":"2017-08-03T21:23:55.988Z"}
{"level":"info","message":"2017-08-03T21:24:50.478Z 'Global Emotes Sent'","timestamp":"2017-08-03T21:24:50.487Z"}
{"level":"info","message":"2017-08-03T21:24:53.985Z 'Broadcaster info sent, ID: 37121843'","timestamp":"2017-08-03T21:24:53.986Z"}
{"level":"info","message":"2017-08-03T21:25:16.953Z 'Global Emotes Sent'","timestamp":"2017-08-03T21:25:16.953Z"}
{"level":"info","message":"2017-08-03T21:25:20.034Z 'Broadcaster info sent, ID: 37121843'","timestamp":"2017-08-03T21:25:20.043Z"}
{"level":"info","message":"2017-08-03T21:34:45.864Z 'Global Emotes Sent'","timestamp":"2017-08-03T21:34:45.865Z"}
{"level":"info","message":"2017-08-03T21:34:50.816Z 'Broadcaster info sent, ID: 37121843'","timestamp":"2017-08-03T21:34:50.817Z"}
{"level":"info","message":"2017-08-03T21:35:19.530Z 'Gloabal Emotes Updated'","timestamp":"2017-08-03T21:35:19.531Z"}
{"level":"info","message":"2017-08-03T21:35:23.562Z 'Broadcasters Data Updated'","timestamp":"2017-08-03T21:35:23.567Z"}
{"level":"info","message":"2017-08-03T21:38:43.586Z 'Broadcaster info sent, ID: 32194567'","timestamp":"2017-08-03T21:38:43.586Z"}
{"level":"info","message":"2017-08-03T21:39:03.760Z 'Global Emotes Sent'","timestamp":"2017-08-03T21:39:03.761Z"}
{"level":"info","message":"2017-08-03T21:39:07.458Z 'Broadcaster info sent, ID: 37121843'","timestamp":"2017-08-03T21:39:07.459Z"}
{"level":"info","message":"2017-08-03T21:39:11.707Z 'Broadcaster info sent, ID: 94662873'","timestamp":"2017-08-03T21:39:11.707Z"}
{"level":"info","message":"2017-08-03T21:39:17.431Z 'Broadcaster info sent, ID: 121059319'","timestamp":"2017-08-03T21:39:17.432Z"}
{"level":"info","message":"2017-08-03T21:41:44.761Z 'Global Emotes Sent'","timestamp":"2017-08-03T21:41:44.762Z"}
{"level":"info","message":"2017-08-03T21:41:49.975Z 'Broadcaster info sent, ID: 37121843'","timestamp":"2017-08-03T21:41:49.978Z"}
{"level":"info","message":"2017-08-03T21:41:59.306Z 'Broadcaster info sent, ID: 94662873'","timestamp":"2017-08-03T21:41:59.310Z"}
{"level":"info","message":"2017-08-03T21:42:02.651Z 'Broadcaster info sent, ID: 32194567'","timestamp":"2017-08-03T21:42:02.659Z"}
{"level":"info","message":"2017-08-03T21:42:09.094Z 'Broadcaster info sent, ID: 37524427'","timestamp":"2017-08-03T21:42:09.095Z"}
{"level":"info","message":"2017-08-03T21:42:13.692Z 'Broadcaster info sent, ID: 121059319'","timestamp":"2017-08-03T21:42:13.695Z"}
{"level":"info","message":"2017-08-03T22:05:19.507Z 'Gloabal Emotes Updated'","timestamp":"2017-08-03T22:05:19.508Z"}
{"level":"info","message":"2017-08-03T22:05:23.876Z 'Broadcasters Data Updated'","timestamp":"2017-08-03T22:05:23.877Z"}
{"level":"info","message":"2017-08-03T22:35:19.660Z 'Gloabal Emotes Updated'","timestamp":"2017-08-03T22:35:19.661Z"}
{"level":"info","message":"2017-08-03T22:35:23.800Z 'Broadcasters Data Updated'","timestamp":"2017-08-03T22:35:23.801Z"}
{"level":"info","message":"2017-08-04T01:10:05.066Z 'Gloabal Emotes Updated'","timestamp":"2017-08-04T01:10:05.069Z"}
{"level":"info","message":"2017-08-04T01:10:09.339Z 'Broadcasters Data Updated'","timestamp":"2017-08-04T01:10:09.340Z"}
{"level":"info","message":"2017-08-04T01:38:55.826Z 'Global Emotes Sent'","timestamp":"2017-08-04T01:38:55.826Z"}
{"level":"info","message":"2017-08-04T01:39:22.256Z 'Broadcaster info sent, ID: 94662873'","timestamp":"2017-08-04T01:39:22.256Z"}
{"level":"info","message":"2017-08-04T01:40:05.067Z 'Gloabal Emotes Updated'","timestamp":"2017-08-04T01:40:05.068Z"}
{"level":"info","message":"2017-08-04T01:40:09.090Z 'Broadcasters Data Updated'","timestamp":"2017-08-04T01:40:09.091Z"}
{"level":"info","message":"2017-08-04T01:42:03.594Z 'Global Emotes Sent'","timestamp":"2017-08-04T01:42:03.596Z"}
{"level":"info","message":"2017-08-04T01:43:42.144Z 'Global Emotes Sent'","timestamp":"2017-08-04T01:43:42.146Z"}
{"level":"info","message":"2017-08-04T02:11:22.025Z 'Gloabal Emotes Updated'","timestamp":"2017-08-04T02:11:22.030Z"}
{"level":"info","message":"2017-08-04T02:11:26.102Z 'Broadcasters Data Updated'","timestamp":"2017-08-04T02:11:26.104Z"}
{"level":"info","message":"2017-08-04T02:11:55.469Z 'Global Emotes Sent'","timestamp":"2017-08-04T02:11:55.472Z"}
{"level":"info","message":"2017-08-04T02:12:35.501Z 'Global Emotes Sent'","timestamp":"2017-08-04T02:12:35.502Z"}
{"level":"info","message":"2017-08-04T02:17:45.999Z 'Broadcaster info sent, ID: 94662873'","timestamp":"2017-08-04T02:17:46.001Z"}
{"level":"info","message":"2017-08-04T02:18:33.275Z 'Broadcaster info sent, ID: 94662873'","timestamp":"2017-08-04T02:18:33.278Z"}
{"level":"info","message":"2017-08-04T02:20:16.533Z 'Broadcaster info sent, ID: 53504217'","timestamp":"2017-08-04T02:20:16.535Z"}
{"level":"info","message":"2017-08-04T02:41:22.031Z 'Gloabal Emotes Updated'","timestamp":"2017-08-04T02:41:22.032Z"}
{"level":"info","message":"2017-08-04T02:41:26.176Z 'Broadcasters Data Updated'","timestamp":"2017-08-04T02:41:26.177Z"}
{"level":"info","message":"2017-08-04T03:38:35.725Z 'Gloabal Emotes Updated'","timestamp":"2017-08-04T03:38:35.729Z"}
{"level":"info","message":"2017-08-04T03:38:37.480Z 'Global Emotes Sent'","timestamp":"2017-08-04T03:38:37.481Z"}
{"level":"info","message":"2017-08-04T03:38:40.248Z 'Broadcasters Data Updated'","timestamp":"2017-08-04T03:38:40.249Z"}
{"level":"info","message":"2017-08-04T03:38:49.201Z 'Broadcaster info sent, ID: 107591598'","timestamp":"2017-08-04T03:38:49.202Z"}
{"level":"info","message":"2017-08-04T03:42:47.596Z 'Global Emotes Sent'","timestamp":"2017-08-04T03:42:47.598Z"}
{"level":"info","message":"2017-08-04T03:42:55.098Z 'Broadcaster info sent, ID: 107591598'","timestamp":"2017-08-04T03:42:55.099Z"}
{"level":"info","message":"2017-08-04T03:43:36.433Z 'Global Emotes Sent'","timestamp":"2017-08-04T03:43:36.434Z"}
{"level":"info","message":"2017-08-04T03:43:46.852Z 'Broadcaster info sent, ID: 107591598'","timestamp":"2017-08-04T03:43:46.854Z"}
{"level":"info","message":"2017-08-04T03:45:36.000Z 'Global Emotes Sent'","timestamp":"2017-08-04T03:45:36.001Z"}
{"level":"info","message":"2017-08-04T03:45:40.466Z 'Broadcaster info sent, ID: 37121843'","timestamp":"2017-08-04T03:45:40.467Z"}
{"level":"info","message":"2017-08-04T03:45:51.440Z 'Global Emotes Sent'","timestamp":"2017-08-04T03:45:51.441Z"}
{"level":"info","message":"2017-08-04T03:45:54.986Z 'Broadcaster info sent, ID: 37121843'","timestamp":"2017-08-04T03:45:54.987Z"}
{"level":"info","message":"2017-08-04T03:48:51.187Z 'Broadcaster info sent, ID: 37524427'","timestamp":"2017-08-04T03:48:51.188Z"}
{"level":"info","message":"2017-08-04T04:08:35.702Z 'Gloabal Emotes Updated'","timestamp":"2017-08-04T04:08:35.703Z"}
{"level":"info","message":"2017-08-04T04:08:39.837Z 'Broadcasters Data Updated'","timestamp":"2017-08-04T04:08:39.838Z"}
{"level":"info","message":"2017-08-04T04:12:32.999Z 'Global Emotes Sent'","timestamp":"2017-08-04T04:12:33.000Z"}
{"level":"info","message":"2017-08-04T04:12:39.637Z 'Broadcaster info sent, ID: 37524427'","timestamp":"2017-08-04T04:12:39.638Z"}
